<?xml version="1.0" encoding="UTF-8"?>
<!-- Generated by org.testng.reporters.JUnitReportReporter -->
<testsuite hostname="Jarvis-Skynet" failures="0" tests="1" name="com.qa.TestScript.TestBase" time="33.058" errors="0" timestamp="2023-10-10T20:50:23 IST" skipped="0">
  <testcase classname="com.qa.TestScript.TestBase" name="ReadPDFFile" time="33.058"/>
  <system-out/>
</testsuite> <!-- com.qa.TestScript.TestBase -->
